<?xml version="1.0" encoding="UTF-8"?>
<testsuite name="TestSuite" time="1.048" tests="1" errors="0" skipped="0" failures="0">
  <properties>
    <property name="java.vendor" value="Oracle Corporation"/>
    <property name="JOB_NAME" value="SeleniumTest1Maven"/>
    <property name="PWD" value="/Users/macbook/Desktop/Apps/Jenkins"/>
    <property name="sun.java.launcher" value="SUN_STANDARD"/>
    <property name="sun.management.compiler" value="HotSpot 64-Bit Tiered Compilers"/>
    <property name="JENKINS_HOME" value="/Users/macbook/.jenkins"/>
    <property name="PATH" value="/usr/local/bin:/usr/bin:/bin:/usr/sbin:/sbin:/Applications/apache-maven-3.6.3/bin"/>
    <property name="HUDSON_SERVER_COOKIE" value="b9695b3cf4e60339"/>
    <property name="POM_ARTIFACTID" value="selTest1"/>
    <property name="os.name" value="Mac OS X"/>
    <property name="TERM_PROGRAM" value="Apple_Terminal"/>
    <property name="sun.boot.class.path" value="/Library/Java/JavaVirtualMachines/jdk1.8.0_191.jdk/Contents/Home/jre/lib/resources.jar:/Library/Java/JavaVirtualMachines/jdk1.8.0_191.jdk/Contents/Home/jre/lib/rt.jar:/Library/Java/JavaVirtualMachines/jdk1.8.0_191.jdk/Contents/Home/jre/lib/sunrsasign.jar:/Library/Java/JavaVirtualMachines/jdk1.8.0_191.jdk/Contents/Home/jre/lib/jsse.jar:/Library/Java/JavaVirtualMachines/jdk1.8.0_191.jdk/Contents/Home/jre/lib/jce.jar:/Library/Java/JavaVirtualMachines/jdk1.8.0_191.jdk/Contents/Home/jre/lib/charsets.jar:/Library/Java/JavaVirtualMachines/jdk1.8.0_191.jdk/Contents/Home/jre/lib/jfr.jar:/Library/Java/JavaVirtualMachines/jdk1.8.0_191.jdk/Contents/Home/jre/classes"/>
    <property name="EXECUTOR_NUMBER" value="1"/>
    <property name="TERM_SESSION_ID" value="FF300E47-7B98-4210-A411-3840D051A77D"/>
    <property name="java.vm.specification.vendor" value="Oracle Corporation"/>
    <property name="POM_DISPLAYNAME" value="selTest1"/>
    <property name="NODE_LABELS" value="master"/>
    <property name="java.runtime.version" value="1.8.0_191-b12"/>
    <property name="user.name" value="macbook"/>
    <property name="guice.disable.misplaced.annotation.check" value="true"/>
    <property name="user.language" value="en"/>
    <property name="JOB_BASE_NAME" value="SeleniumTest1Maven"/>
    <property name="RUN_CHANGES_DISPLAY_URL" value="http://localhost:8080/job/SeleniumTest1Maven/4/display/redirect?page=changes"/>
    <property name="BUILD_DISPLAY_NAME" value="#4"/>
    <property name="TMPDIR" value="/var/folders/xv/pzr80bhn2v7grv06g1jt9x400000gn/T/"/>
    <property name="sun.boot.library.path" value="/Library/Java/JavaVirtualMachines/jdk1.8.0_191.jdk/Contents/Home/jre/lib"/>
    <property name="java.version" value="1.8.0_191"/>
    <property name="XPC_FLAGS" value="0x0"/>
    <property name="user.timezone" value="Europe/London"/>
    <property name="sun.arch.data.model" value="64"/>
    <property name="NODE_NAME" value="master"/>
    <property name="TERM" value="xterm-256color"/>
    <property name="http.nonProxyHosts" value="local|*.local|169.254/16|*.169.254/16"/>
    <property name="java.endorsed.dirs" value="/Library/Java/JavaVirtualMachines/jdk1.8.0_191.jdk/Contents/Home/jre/lib/endorsed"/>
    <property name="BUILD_ID" value="4"/>
    <property name="sun.cpu.isalist" value=""/>
    <property name="sun.jnu.encoding" value="UTF-8"/>
    <property name="file.encoding.pkg" value="sun.io"/>
    <property name="SHELL" value="/bin/bash"/>
    <property name="file.separator" value="/"/>
    <property name="java.specification.name" value="Java Platform API Specification"/>
    <property name="maven.conf" value="/Users/macbook/.jenkins/tools/hudson.tasks.Maven_MavenInstallation/myMaven/conf"/>
    <property name="java.class.version" value="52.0"/>
    <property name="org.slf4j.simpleLogger.defaultLogLevel" value="info"/>
    <property name="user.country" value="GB"/>
    <property name="java.home" value="/Library/Java/JavaVirtualMachines/jdk1.8.0_191.jdk/Contents/Home/jre"/>
    <property name="java.vm.info" value="mixed mode"/>
    <property name="os.version" value="10.15.4"/>
    <property name="RUN_DISPLAY_URL" value="http://localhost:8080/job/SeleniumTest1Maven/4/display/redirect"/>
    <property name="POM_VERSION" value="0.0.1-SNAPSHOT"/>
    <property name="sun.font.fontmanager" value="sun.font.CFontManager"/>
    <property name="path.separator" value=":"/>
    <property name="java.vm.version" value="25.191-b12"/>
    <property name="JOB_DISPLAY_URL" value="http://localhost:8080/job/SeleniumTest1Maven/display/redirect"/>
    <property name="SHLVL" value="1"/>
    <property name="_" value="/usr/bin/java"/>
    <property name="java.awt.printerjob" value="sun.lwawt.macosx.CPrinterJob"/>
    <property name="JAVA_HOME" value="/Library/Java/JavaVirtualMachines/jdk1.8.0_191.jdk/Contents/Home"/>
    <property name="sun.io.unicode.encoding" value="UnicodeBig"/>
    <property name="awt.toolkit" value="sun.lwawt.macosx.LWCToolkit"/>
    <property name="LOGNAME" value="macbook"/>
    <property name="socksNonProxyHosts" value="local|*.local|169.254/16|*.169.254/16"/>
    <property name="POM_PACKAGING" value="jar"/>
    <property name="ftp.nonProxyHosts" value="local|*.local|169.254/16|*.169.254/16"/>
    <property name="HOME" value="/Users/macbook"/>
    <property name="POM_GROUPID" value="selTest1"/>
    <property name="user.home" value="/Users/macbook"/>
    <property name="BUILD_TAG" value="jenkins-SeleniumTest1Maven-4"/>
    <property name="JENKINS_SERVER_COOKIE" value="b9695b3cf4e60339"/>
    <property name="HUDSON_URL" value="http://localhost:8080/"/>
    <property name="XPC_SERVICE_NAME" value="0"/>
    <property name="java.specification.vendor" value="Oracle Corporation"/>
    <property name="CLASSPATH" value=""/>
    <property name="java.vendor.url" value="http://java.oracle.com/"/>
    <property name="java.library.path" value="/Users/macbook/Library/Java/Extensions:/Library/Java/Extensions:/Network/Library/Java/Extensions:/System/Library/Java/Extensions:/usr/lib/java:."/>
    <property name="gopherProxySet" value="false"/>
    <property name="java.vm.vendor" value="Oracle Corporation"/>
    <property name="java.runtime.name" value="Java(TM) SE Runtime Environment"/>
    <property name="maven.home" value="/Users/macbook/.jenkins/tools/hudson.tasks.Maven_MavenInstallation/myMaven"/>
    <property name="java.class.path" value="/Users/macbook/.jenkins/plugins/maven-plugin/WEB-INF/lib/maven35-agent-1.13.jar:/Users/macbook/.jenkins/tools/hudson.tasks.Maven_MavenInstallation/myMaven/boot/plexus-classworlds-2.6.0.jar:/Users/macbook/.jenkins/tools/hudson.tasks.Maven_MavenInstallation/myMaven/conf/logging"/>
    <property name="sun.java.command" value="jenkins.maven3.agent.Maven35Main /Users/macbook/.jenkins/tools/hudson.tasks.Maven_MavenInstallation/myMaven /Users/macbook/.jenkins/war/WEB-INF/lib/remoting-4.2.jar /Users/macbook/.jenkins/plugins/maven-plugin/WEB-INF/lib/maven35-interceptor-1.13.jar /Users/macbook/.jenkins/plugins/maven-plugin/WEB-INF/lib/maven3-interceptor-commons-1.13.jar 56092"/>
    <property name="java.vm.specification.name" value="Java Virtual Machine Specification"/>
    <property name="java.vm.specification.version" value="1.8"/>
    <property name="sun.os.patch.level" value="unknown"/>
    <property name="sun.cpu.endian" value="little"/>
    <property name="M2_HOME" value="/Users/macbook/.jenkins/tools/hudson.tasks.Maven_MavenInstallation/myMaven"/>
    <property name="JAVA_MAIN_CLASS_3889" value="Main"/>
    <property name="java.io.tmpdir" value="/var/folders/xv/pzr80bhn2v7grv06g1jt9x400000gn/T/"/>
    <property name="HUDSON_HOME" value="/Users/macbook/.jenkins"/>
    <property name="PATH+MAVEN" value="/Users/macbook/.jenkins/tools/hudson.tasks.Maven_MavenInstallation/myMaven/bin"/>
    <property name="BUILD_URL" value="http://localhost:8080/job/SeleniumTest1Maven/4/"/>
    <property name="java.vendor.url.bug" value="http://bugreport.sun.com/bugreport/"/>
    <property name="OLDPWD" value="/Users/macbook"/>
    <property name="SSH_AUTH_SOCK" value="/private/tmp/com.apple.launchd.pRh1xB8pAC/Listeners"/>
    <property name="java.awt.graphicsenv" value="sun.awt.CGraphicsEnvironment"/>
    <property name="os.arch" value="x86_64"/>
    <property name="java.ext.dirs" value="/Users/macbook/Library/Java/Extensions:/Library/Java/JavaVirtualMachines/jdk1.8.0_191.jdk/Contents/Home/jre/lib/ext:/Library/Java/Extensions:/Network/Library/Java/Extensions:/System/Library/Java/Extensions:/usr/lib/java"/>
    <property name="__CF_USER_TEXT_ENCODING" value="0x1F5:0:2"/>
    <property name="user.dir" value="/Users/macbook/Desktop/SeleniumProjects/Project1/selTest1"/>
    <property name="JOB_URL" value="http://localhost:8080/job/SeleniumTest1Maven/"/>
    <property name="line.separator" value="&#10;"/>
    <property name="MAVEN_HOME" value="/Users/macbook/.jenkins/tools/hudson.tasks.Maven_MavenInstallation/myMaven"/>
    <property name="java.vm.name" value="Java HotSpot(TM) 64-Bit Server VM"/>
    <property name="BUILD_NUMBER" value="4"/>
    <property name="JENKINS_URL" value="http://localhost:8080/"/>
    <property name="TERM_PROGRAM_VERSION" value="433"/>
    <property name="file.encoding" value="UTF-8"/>
    <property name="LANG" value="en_GB.UTF-8"/>
    <property name="maven3.interceptor" value="/Users/macbook/.jenkins/plugins/maven-plugin/WEB-INF/lib/maven35-interceptor-1.13.jar"/>
    <property name="WORKSPACE_TMP" value="/Users/macbook/.jenkins/workspace/SeleniumTest1Maven@tmp"/>
    <property name="WORKSPACE" value="/Users/macbook/.jenkins/workspace/SeleniumTest1Maven"/>
    <property name="maven3.interceptor.common" value="/Users/macbook/.jenkins/plugins/maven-plugin/WEB-INF/lib/maven3-interceptor-commons-1.13.jar"/>
    <property name="java.specification.version" value="1.8"/>
    <property name="USER" value="macbook"/>
  </properties>
  <testcase name="loginTest" classname="com.seltest1.testCases.TC_LoginTest_001" time="1.048"/>
</testsuite>