<?xml version="1.0" encoding="UTF-8"?>
<!-- Generated by org.testng.reporters.JUnitReportReporter -->
<testsuite skipped="0" hostname="Vinods" name="com.seltest1.testCases.TC_LoginTest_001" tests="1" failures="0" timestamp="2020-05-01T16:54:20 BST" time="0.620" errors="0">
  <testcase name="loginTest" time="0.620" classname="com.seltest1.testCases.TC_LoginTest_001"/>
</testsuite> <!-- com.seltest1.testCases.TC_LoginTest_001 -->
