<?xml version="1.0" encoding="UTF-8"?>
<!-- Generated by org.testng.reporters.JUnitReportReporter -->
<testsuite skipped="0" hostname="Vinods" name="com.seltest1.testCases.TC_LoginTest_001" tests="1" failures="0" timestamp="2020-05-02T00:09:55 BST" time="1.029" errors="0">
  <testcase name="loginTest" time="1.029" classname="com.seltest1.testCases.TC_LoginTest_001"/>
</testsuite> <!-- com.seltest1.testCases.TC_LoginTest_001 -->
